<?xml version="1.0" encoding="UTF-8" standalone="yes"?><!DOCTYPE report PUBLIC "-//JACOCO//DTD Report 1.0//EN" "report.dtd"><report name="MyATM"><sessioninfo id="Сергей-ПК-c1b32e9b" start="1449935914346" dump="1449935916021"/><sessioninfo id="Сергей-ПК-1a360170" start="1450004718851" dump="1450004720050"/><sessioninfo id="Сергей-ПК-8b932e92" start="1450004775115" dump="1450004776142"/><sessioninfo id="Сергей-ПК-86316574" start="1450004802842" dump="1450004803896"/><sessioninfo id="Сергей-ПК-379bc119" start="1450004814592" dump="1450004815787"/><sessioninfo id="Сергей-ПК-c561c017" start="1450033330335" dump="1450033331868"/><sessioninfo id="Сергей-ПК-6405ab7b" start="1450034169027" dump="1450034170060"/><sessioninfo id="Сергей-ПК-278e3ffe" start="1450034460590" dump="1450034461673"/><sessioninfo id="Сергей-ПК-21356ffa" start="1450034620431" dump="1450034621507"/><sessioninfo id="Сергей-ПК-85c5252f" start="1450034762988" dump="1450034764038"/><sessioninfo id="Сергей-ПК-5d1d0f64" start="1450034933348" dump="1450034934440"/><sessioninfo id="Сергей-ПК-5dc74de3" start="1450035525259" dump="1450035526240"/><sessioninfo id="Сергей-ПК-86d485b6" start="1450035725479" dump="1450035726470"/><sessioninfo id="Сергей-ПК-da7d4f39" start="1450036115478" dump="1450036116784"/><sessioninfo id="Сергей-ПК-fb7cda2b" start="1450036181964" dump="1450036182950"/><sessioninfo id="Сергей-ПК-7a49d4cc" start="1450038838740" dump="1450038839841"/><sessioninfo id="Сергей-ПК-c891c73e" start="1450039472830" dump="1450039474279"/><sessioninfo id="Сергей-ПК-136446e3" start="1450039692013" dump="1450039692999"/><sessioninfo id="Сергей-ПК-4f7b4d54" start="1450040056002" dump="1450040057167"/><sessioninfo id="Сергей-ПК-6caf7a2c" start="1450040513705" dump="1450040514835"/><sessioninfo id="Сергей-ПК-4f0a139e" start="1450040644222" dump="1450040645230"/><sessioninfo id="Сергей-ПК-88e56257" start="1450041814755" dump="1450041816051"/><sessioninfo id="Сергей-ПК-8ef2863d" start="1450042564703" dump="1450042565767"/><sessioninfo id="Сергей-ПК-33736450" start="1450042623147" dump="1450042624413"/><sessioninfo id="Сергей-ПК-e543db74" start="1450042710125" dump="1450042711631"/><sessioninfo id="Сергей-ПК-fccc101" start="1450043622571" dump="1450043623619"/><sessioninfo id="Сергей-ПК-2a5cb271" start="1450043670374" dump="1450043671455"/><sessioninfo id="Сергей-ПК-18e86100" start="1450043784355" dump="1450043785413"/><sessioninfo id="Сергей-ПК-58df1a9c" start="1450043983419" dump="1450043984427"/><sessioninfo id="Сергей-ПК-3a818215" start="1450044191722" dump="1450044192705"/><sessioninfo id="Сергей-ПК-60509f50" start="1450044258648" dump="1450044259735"/><sessioninfo id="Сергей-ПК-2c110443" start="1450044727094" dump="1450044728115"/><sessioninfo id="Сергей-ПК-52321667" start="1450045101283" dump="1450045102373"/><sessioninfo id="Сергей-ПК-4beca87c" start="1450045269550" dump="1450045270553"/><sessioninfo id="Сергей-ПК-51b401d2" start="1450045379006" dump="1450045380046"/><sessioninfo id="Сергей-ПК-4b64fc2f" start="1450045534278" dump="1450045535321"/><sessioninfo id="Сергей-ПК-fa339149" start="1450046431912" dump="1450046432913"/><sessioninfo id="Сергей-ПК-5ecd3df9" start="1450047362138" dump="1450047363177"/><sessioninfo id="Сергей-ПК-13417200" start="1450048885864" dump="1450048886891"/><sessioninfo id="Сергей-ПК-cf3013a" start="1450050964303" dump="1450050965421"/><sessioninfo id="Сергей-ПК-d3a9ea26" start="1450088100946" dump="1450088102445"/><sessioninfo id="Сергей-ПК-c7465e53" start="1450098289583" dump="1450098290723"/><package name="ua/pti/myatm"><class name="ua/pti/myatm/NotEnoughMoneyInATMException"><method name="&lt;init&gt;" desc="()V" line="74"><counter type="INSTRUCTION" missed="0" covered="4"/><counter type="LINE" missed="0" covered="2"/><counter type="COMPLEXITY" missed="0" covered="1"/><counter type="METHOD" missed="0" covered="1"/></method><counter type="INSTRUCTION" missed="0" covered="4"/><counter type="LINE" missed="0" covered="2"/><counter type="COMPLEXITY" missed="0" covered="1"/><counter type="METHOD" missed="0" covered="1"/><counter type="CLASS" missed="0" covered="1"/></class><class name="ua/pti/myatm/NotEnoughMoneyInAccountException"><method name="&lt;init&gt;" desc="()V" line="80"><counter type="INSTRUCTION" missed="0" covered="4"/><counter type="LINE" missed="0" covered="2"/><counter type="COMPLEXITY" missed="0" covered="1"/><counter type="METHOD" missed="0" covered="1"/></method><counter type="INSTRUCTION" missed="0" covered="4"/><counter type="LINE" missed="0" covered="2"/><counter type="COMPLEXITY" missed="0" covered="1"/><counter type="METHOD" missed="0" covered="1"/><counter type="CLASS" missed="0" covered="1"/></class><class name="ua/pti/myatm/MyATM"><method name="&lt;init&gt;" desc="()V" line="3"><counter type="INSTRUCTION" missed="3" covered="0"/><counter type="LINE" missed="1" covered="0"/><counter type="COMPLEXITY" missed="1" covered="0"/><counter type="METHOD" missed="1" covered="0"/></method><method name="main" desc="([Ljava/lang/String;)V" line="13"><counter type="INSTRUCTION" missed="1" covered="0"/><counter type="LINE" missed="1" covered="0"/><counter type="COMPLEXITY" missed="1" covered="0"/><counter type="METHOD" missed="1" covered="0"/></method><counter type="INSTRUCTION" missed="4" covered="0"/><counter type="LINE" missed="2" covered="0"/><counter type="COMPLEXITY" missed="2" covered="0"/><counter type="METHOD" missed="2" covered="0"/><counter type="CLASS" missed="1" covered="0"/></class><class name="ua/pti/myatm/ATM"><method name="&lt;init&gt;" desc="(D)V" line="9"><counter type="INSTRUCTION" missed="0" covered="15"/><counter type="BRANCH" missed="0" covered="2"/><counter type="LINE" missed="0" covered="5"/><counter type="COMPLEXITY" missed="0" covered="2"/><counter type="METHOD" missed="0" covered="1"/></method><method name="getMoneyInATM" desc="()D" line="18"><counter type="INSTRUCTION" missed="0" covered="3"/><counter type="LINE" missed="0" covered="1"/><counter type="COMPLEXITY" missed="0" covered="1"/><counter type="METHOD" missed="0" covered="1"/></method><method name="validateCard" desc="(Lua/pti/myatm/Card;I)Z" line="26"><counter type="INSTRUCTION" missed="0" covered="22"/><counter type="BRANCH" missed="0" covered="4"/><counter type="LINE" missed="0" covered="8"/><counter type="COMPLEXITY" missed="0" covered="3"/><counter type="METHOD" missed="0" covered="1"/></method><method name="checkBalance" desc="()D" line="42"><counter type="INSTRUCTION" missed="0" covered="18"/><counter type="BRANCH" missed="1" covered="3"/><counter type="LINE" missed="0" covered="3"/><counter type="COMPLEXITY" missed="1" covered="2"/><counter type="METHOD" missed="0" covered="1"/></method><method name="getCash" desc="(D)D" line="54"><counter type="INSTRUCTION" missed="0" covered="33"/><counter type="BRANCH" missed="0" covered="4"/><counter type="LINE" missed="0" covered="7"/><counter type="COMPLEXITY" missed="0" covered="3"/><counter type="METHOD" missed="0" covered="1"/></method><counter type="INSTRUCTION" missed="0" covered="91"/><counter type="BRANCH" missed="1" covered="13"/><counter type="LINE" missed="0" covered="24"/><counter type="COMPLEXITY" missed="1" covered="11"/><counter type="METHOD" missed="0" covered="5"/><counter type="CLASS" missed="0" covered="1"/></class><class name="ua/pti/myatm/NoCardInsertedException"><method name="&lt;init&gt;" desc="()V" line="68"><counter type="INSTRUCTION" missed="0" covered="4"/><counter type="LINE" missed="0" covered="2"/><counter type="COMPLEXITY" missed="0" covered="1"/><counter type="METHOD" missed="0" covered="1"/></method><counter type="INSTRUCTION" missed="0" covered="4"/><counter type="LINE" missed="0" covered="2"/><counter type="COMPLEXITY" missed="0" covered="1"/><counter type="METHOD" missed="0" covered="1"/><counter type="CLASS" missed="0" covered="1"/></class><sourcefile name="ATM.java"><line nr="9" mi="0" ci="2" mb="0" cb="0"/><line nr="10" mi="0" ci="4" mb="0" cb="2"/><line nr="11" mi="0" ci="5" mb="0" cb="0"/><line nr="13" mi="0" ci="3" mb="0" cb="0"/><line nr="14" mi="0" ci="1" mb="0" cb="0"/><line nr="18" mi="0" ci="3" mb="0" cb="0"/><line nr="26" mi="0" ci="4" mb="0" cb="2"/><line nr="27" mi="0" ci="3" mb="0" cb="0"/><line nr="28" mi="0" ci="2" mb="0" cb="0"/><line nr="30" mi="0" ci="3" mb="0" cb="2"/><line nr="31" mi="0" ci="3" mb="0" cb="0"/><line nr="32" mi="0" ci="2" mb="0" cb="0"/><line nr="35" mi="0" ci="3" mb="0" cb="0"/><line nr="36" mi="0" ci="2" mb="0" cb="0"/><line nr="42" mi="0" ci="11" mb="1" cb="3"/><line nr="43" mi="0" ci="4" mb="0" cb="0"/><line nr="44" mi="0" ci="3" mb="0" cb="0"/><line nr="54" mi="0" ci="4" mb="0" cb="0"/><line nr="55" mi="0" ci="5" mb="0" cb="2"/><line nr="56" mi="0" ci="4" mb="0" cb="0"/><line nr="57" mi="0" ci="5" mb="0" cb="2"/><line nr="58" mi="0" ci="4" mb="0" cb="0"/><line nr="60" mi="0" ci="8" mb="0" cb="0"/><line nr="61" mi="0" ci="3" mb="0" cb="0"/><line nr="68" mi="0" ci="3" mb="0" cb="0"/><line nr="69" mi="0" ci="1" mb="0" cb="0"/><line nr="74" mi="0" ci="3" mb="0" cb="0"/><line nr="75" mi="0" ci="1" mb="0" cb="0"/><line nr="80" mi="0" ci="3" mb="0" cb="0"/><line nr="81" mi="0" ci="1" mb="0" cb="0"/><counter type="INSTRUCTION" missed="0" covered="103"/><counter type="BRANCH" missed="1" covered="13"/><counter type="LINE" missed="0" covered="30"/><counter type="COMPLEXITY" missed="1" covered="14"/><counter type="METHOD" missed="0" covered="8"/><counter type="CLASS" missed="0" covered="4"/></sourcefile><sourcefile name="MyATM.java"><line nr="3" mi="3" ci="0" mb="0" cb="0"/><line nr="13" mi="1" ci="0" mb="0" cb="0"/><counter type="INSTRUCTION" missed="4" covered="0"/><counter type="LINE" missed="2" covered="0"/><counter type="COMPLEXITY" missed="2" covered="0"/><counter type="METHOD" missed="2" covered="0"/><counter type="CLASS" missed="1" covered="0"/></sourcefile><counter type="INSTRUCTION" missed="4" covered="103"/><counter type="BRANCH" missed="1" covered="13"/><counter type="LINE" missed="2" covered="30"/><counter type="COMPLEXITY" missed="3" covered="14"/><counter type="METHOD" missed="2" covered="8"/><counter type="CLASS" missed="1" covered="4"/></package><counter type="INSTRUCTION" missed="4" covered="103"/><counter type="BRANCH" missed="1" covered="13"/><counter type="LINE" missed="2" covered="30"/><counter type="COMPLEXITY" missed="3" covered="14"/><counter type="METHOD" missed="2" covered="8"/><counter type="CLASS" missed="1" covered="4"/></report>