<?xml version="1.0" encoding="UTF-8" ?>
<testsuite tests="10" failures="0" name="ua.pti.myatm.ATMTest" time="0.613" errors="0" skipped="0">
  <properties>
[...]
</properties>
  <testcase classname="ua.pti.myatm.ATMTest" name="testCheckBalanceWithoutCard" time="0.397"/>
  <testcase classname="ua.pti.myatm.ATMTest" name="testGetCashForNotEnoughMoneyInAccount" time="0.057"/>
  <testcase classname="ua.pti.myatm.ATMTest" name="testGetCashForNotEnoughMoneyInATMException" time="0"/>
  <testcase classname="ua.pti.myatm.ATMTest" name="testGetCash" time="0"/>
  <testcase classname="ua.pti.myatm.ATMTest" name="testValidateBlockedCard" time="0"/>
  <testcase classname="ua.pti.myatm.ATMTest" name="testGetMoneyInATM" time="0"/>
  <testcase classname="ua.pti.myatm.ATMTest" name="testCheckBalance" time="0"/>
  <testcase classname="ua.pti.myatm.ATMTest" name="testValidateCardWithIllegalPIN" time="0"/>
  <testcase classname="ua.pti.myatm.ATMTest" name="testNegativeATMBalance" time="0"/>
  <testcase classname="ua.pti.myatm.ATMTest" name="testValidateCard" time="0"/>
</testsuite>